<?xml version="1.0" encoding="UTF-8"?>
<!-- Generated by org.testng.reporters.JUnitXMLReporter -->
<testsuite ignored="0" hostname="Urijs-iMac.local" failures="4" tests="7" name="Surefire test" time="0.029" errors="0" timestamp="2023-01-18T14:48:45 MSK">
  <testcase classname="PersonTest" name="testPerson" time="0.006">
    <failure type="java.lang.AssertionError" message="expected [false] but found [true]">
      <![CDATA[java.lang.AssertionError: expected [false] but found [true]
at PersonTest.testPerson(PersonTest.java:23)
at java.base/java.util.ArrayList.forEach(ArrayList.java:1511)
... Removed 35 stack frames]]>
    </failure>
  </testcase> <!-- testPerson -->
  <testcase classname="PersonTest" name="testPerson" time="0.001">
    <failure type="java.lang.AssertionError" message="expected [false] but found [true]">
      <![CDATA[java.lang.AssertionError: expected [false] but found [true]
at PersonTest.testPerson(PersonTest.java:23)
at java.base/java.util.ArrayList.forEach(ArrayList.java:1511)
... Removed 35 stack frames]]>
    </failure>
  </testcase> <!-- testPerson -->
  <testcase classname="PersonTest" name="testPerson" time="0.0">
    <failure type="java.lang.AssertionError" message="expected [false] but found [true]">
      <![CDATA[java.lang.AssertionError: expected [false] but found [true]
at PersonTest.testPerson(PersonTest.java:23)
at java.base/java.util.ArrayList.forEach(ArrayList.java:1511)
... Removed 35 stack frames]]>
    </failure>
  </testcase> <!-- testPerson -->
  <testcase classname="PersonTest" name="testPerson" time="0.0"/>
  <testcase classname="PersonTest" name="testPerson" time="0.0"/>
  <testcase classname="PersonTest" name="testPerson" time="0.0">
    <failure type="java.lang.AssertionError" message="expected [true] but found [false]">
      <![CDATA[java.lang.AssertionError: expected [true] but found [false]
at PersonTest.testPerson(PersonTest.java:23)
at java.base/java.util.ArrayList.forEach(ArrayList.java:1511)
... Removed 35 stack frames]]>
    </failure>
  </testcase> <!-- testPerson -->
  <testcase classname="PersonTest" name="testPerson" time="0.0"/>
</testsuite> <!-- Surefire test -->
